[2024/05/09 07:11:44.648] - Starting server with initial configuration: {"gasLimit":6721975000,"gasPrice":20000000000,"hardfork":"merge","hostname":"127.0.0.1","port":7545,"network_id":5777,"default_balance_ether":100,"total_accounts":10,"unlocked_accounts":[],"locked":false,"vmErrorsOnRPCResponse":true,"verbose":true,"flavor":"ethereum","db_path":"C:\\Users\\0x1\\AppData\\Roaming\\Ganache\\ui\\workspaces\\MarketPlace\\chaindata","logDirectory":"D:\\exercise\\rust\\first-project\\marketplace"}
[2024/05/09 07:11:44.923] -    >  eth_subscribe: [
   >   "newHeads"
   > ]
[2024/05/09 07:11:44.926] -    >  eth_getLogs: [
   >   {
   >     "fromBlock": null,
   >     "topics": []
   >   }
   > ]
[2024/05/09 07:11:44.928] -    >  eth_subscribe: [
   >   "logs",
   >   {
   >     "topics": []
   >   }
   > ]
[2024/05/09 07:11:45.027] -    >  eth_subscribe: [
   >   "newHeads"
   > ]
[2024/05/09 07:11:45.028] -    >  eth_getLogs: [
   >   {
   >     "fromBlock": null,
   >     "topics": []
   >   }
   > ]
[2024/05/09 07:11:45.029] -    >  eth_subscribe: [
   >   "logs",
   >   {
   >     "topics": []
   >   }
   > ]
[2024/05/09 07:11:45.137] -    >  eth_getBlockByNumber: [
   >   "latest",
   >   false
   > ]
[2024/05/09 07:11:45.140] -    >  eth_subscribe: [
   >   "newHeads"
   > ]
[2024/05/09 07:11:45.150] -    >  eth_blockNumber: []
[2024/05/09 07:11:45.151] -    >  eth_accounts: []
[2024/05/09 07:11:45.153] -    >  eth_gasPrice: []
[2024/05/09 07:11:45.154] -    >  eth_getBlockByNumber: [
   >   "latest",
   >   false
   > ]
[2024/05/09 07:11:45.155] -    >  eth_subscribe: [
   >   "newHeads"
   > ]
[2024/05/09 07:11:45.187] -    >  eth_blockNumber: []
[2024/05/09 07:11:45.188] -    >  eth_accounts: []
[2024/05/09 07:11:45.189] -    >  eth_gasPrice: []
[2024/05/09 07:11:45.253] -    >  eth_getBalance: [
   >   "0x70b48eb55551690140b89118ffaac7e9645a6aad",
   >   "latest"
   > ]
[2024/05/09 07:11:45.268] -    >  eth_getTransactionCount: [
   >   "0x70b48eb55551690140b89118ffaac7e9645a6aad",
   >   "latest"
   > ]
[2024/05/09 07:11:45.290] -    >  eth_getBalance: [
   >   "0x40e4272662841d93d5be466cf592915be1765f38",
   >   "latest"
   > ]
[2024/05/09 07:11:45.291] -    >  eth_getTransactionCount: [
   >   "0x40e4272662841d93d5be466cf592915be1765f38",
   >   "latest"
   > ]
[2024/05/09 07:11:45.306] -    >  eth_getBalance: [
   >   "0x7506486bf17a6423f105fc8c3de8750ec8d1b4b2",
   >   "latest"
   > ]
[2024/05/09 07:11:45.316] -    >  eth_getTransactionCount: [
   >   "0x7506486bf17a6423f105fc8c3de8750ec8d1b4b2",
   >   "latest"
   > ]
[2024/05/09 07:11:45.324] -    >  eth_getBalance: [
   >   "0xbbede1ed56fe9a717c53a9a74ce1bb69e327a7da",
   >   "latest"
   > ]
[2024/05/09 07:11:45.333] -    >  eth_getTransactionCount: [
   >   "0xbbede1ed56fe9a717c53a9a74ce1bb69e327a7da",
   >   "latest"
   > ]
[2024/05/09 07:11:45.339] -    >  eth_getBalance: [
   >   "0x2ed650e0790f2367998f7e44ab3c7607a0d48ed8",
   >   "latest"
   > ]
[2024/05/09 07:11:45.349] -    >  eth_getTransactionCount: [
   >   "0x2ed650e0790f2367998f7e44ab3c7607a0d48ed8",
   >   "latest"
   > ]
[2024/05/09 07:11:45.354] -    >  eth_getBalance: [
   >   "0xb00914cde67cf8c40860f635528746da86c4a647",
   >   "latest"
   > ]
[2024/05/09 07:11:45.362] -    >  eth_getTransactionCount: [
   >   "0xb00914cde67cf8c40860f635528746da86c4a647",
   >   "latest"
   > ]
[2024/05/09 07:11:45.368] -    >  eth_getBalance: [
   >   "0xef0fcbbac6e824da28a321cb3dc35e4894e9adfd",
   >   "latest"
   > ]
[2024/05/09 07:11:45.379] -    >  eth_getTransactionCount: [
   >   "0xef0fcbbac6e824da28a321cb3dc35e4894e9adfd",
   >   "latest"
   > ]
[2024/05/09 07:11:45.385] -    >  eth_getBalance: [
   >   "0x823f2c6191185c4599097a8784fc27a9eb806a9c",
   >   "latest"
   > ]
[2024/05/09 07:11:45.401] -    >  eth_getTransactionCount: [
   >   "0x823f2c6191185c4599097a8784fc27a9eb806a9c",
   >   "latest"
   > ]
[2024/05/09 07:11:45.403] -    >  eth_getBalance: [
   >   "0x527855f4783f3085b73dcaeaa07b26ac69cf5d09",
   >   "latest"
   > ]
[2024/05/09 07:11:45.412] -    >  eth_getTransactionCount: [
   >   "0x527855f4783f3085b73dcaeaa07b26ac69cf5d09",
   >   "latest"
   > ]
[2024/05/09 07:11:45.420] -    >  eth_getBalance: [
   >   "0x0511d5b9fa72e6c559fef0340a0d19eb1da322ac",
   >   "latest"
   > ]
[2024/05/09 07:11:45.425] -    >  eth_getTransactionCount: [
   >   "0x0511d5b9fa72e6c559fef0340a0d19eb1da322ac",
   >   "latest"
   > ]
[2024/05/09 07:11:45.432] -    >  eth_getBalance: [
   >   "0x70b48eb55551690140b89118ffaac7e9645a6aad",
   >   "latest"
   > ]
[2024/05/09 07:11:45.439] -    >  eth_getTransactionCount: [
   >   "0x70b48eb55551690140b89118ffaac7e9645a6aad",
   >   "latest"
   > ]
[2024/05/09 07:11:45.447] -    >  eth_getBalance: [
   >   "0x40e4272662841d93d5be466cf592915be1765f38",
   >   "latest"
   > ]
[2024/05/09 07:11:45.454] -    >  eth_getTransactionCount: [
   >   "0x40e4272662841d93d5be466cf592915be1765f38",
   >   "latest"
   > ]
[2024/05/09 07:11:45.461] -    >  eth_getBalance: [
   >   "0x7506486bf17a6423f105fc8c3de8750ec8d1b4b2",
   >   "latest"
   > ]
[2024/05/09 07:11:45.468] -    >  eth_getTransactionCount: [
   >   "0x7506486bf17a6423f105fc8c3de8750ec8d1b4b2",
   >   "latest"
   > ]
[2024/05/09 07:11:45.475] -    >  eth_getBalance: [
   >   "0xbbede1ed56fe9a717c53a9a74ce1bb69e327a7da",
   >   "latest"
   > ]
[2024/05/09 07:11:45.480] -    >  eth_getTransactionCount: [
   >   "0xbbede1ed56fe9a717c53a9a74ce1bb69e327a7da",
   >   "latest"
   > ]
[2024/05/09 07:11:45.487] -    >  eth_getBalance: [
   >   "0x2ed650e0790f2367998f7e44ab3c7607a0d48ed8",
   >   "latest"
   > ]
[2024/05/09 07:11:45.495] -    >  eth_getTransactionCount: [
   >   "0x2ed650e0790f2367998f7e44ab3c7607a0d48ed8",
   >   "latest"
   > ]
[2024/05/09 07:11:45.501] -    >  eth_getBalance: [
   >   "0xb00914cde67cf8c40860f635528746da86c4a647",
   >   "latest"
   > ]
[2024/05/09 07:11:45.508] -    >  eth_getTransactionCount: [
   >   "0xb00914cde67cf8c40860f635528746da86c4a647",
   >   "latest"
   > ]
[2024/05/09 07:11:45.515] -    >  eth_getBalance: [
   >   "0xef0fcbbac6e824da28a321cb3dc35e4894e9adfd",
   >   "latest"
   > ]
[2024/05/09 07:11:45.520] -    >  eth_getTransactionCount: [
   >   "0xef0fcbbac6e824da28a321cb3dc35e4894e9adfd",
   >   "latest"
   > ]
[2024/05/09 07:11:45.525] -    >  eth_getBalance: [
   >   "0x823f2c6191185c4599097a8784fc27a9eb806a9c",
   >   "latest"
   > ]
[2024/05/09 07:11:45.531] -    >  eth_getTransactionCount: [
   >   "0x823f2c6191185c4599097a8784fc27a9eb806a9c",
   >   "latest"
   > ]
[2024/05/09 07:11:45.537] -    >  eth_getBalance: [
   >   "0x527855f4783f3085b73dcaeaa07b26ac69cf5d09",
   >   "latest"
   > ]
[2024/05/09 07:11:45.545] -    >  eth_getTransactionCount: [
   >   "0x527855f4783f3085b73dcaeaa07b26ac69cf5d09",
   >   "latest"
   > ]
[2024/05/09 07:11:45.553] -    >  eth_getBalance: [
   >   "0x0511d5b9fa72e6c559fef0340a0d19eb1da322ac",
   >   "latest"
   > ]
[2024/05/09 07:11:45.558] -    >  eth_getTransactionCount: [
   >   "0x0511d5b9fa72e6c559fef0340a0d19eb1da322ac",
   >   "latest"
   > ]
[2024/05/09 07:11:45.635] -    >  eth_getBalance: [
   >   "0x70b48eb55551690140b89118ffaac7e9645a6aad",
   >   "latest"
   > ]
[2024/05/09 07:11:45.640] -    >  eth_getTransactionCount: [
   >   "0x70b48eb55551690140b89118ffaac7e9645a6aad",
   >   "latest"
   > ]
[2024/05/09 07:11:45.648] -    >  eth_getBalance: [
   >   "0x40e4272662841d93d5be466cf592915be1765f38",
   >   "latest"
   > ]
[2024/05/09 07:11:45.665] -    >  eth_getTransactionCount: [
   >   "0x40e4272662841d93d5be466cf592915be1765f38",
   >   "latest"
   > ]
[2024/05/09 07:11:45.666] -    >  eth_getBalance: [
   >   "0x7506486bf17a6423f105fc8c3de8750ec8d1b4b2",
   >   "latest"
   > ]
[2024/05/09 07:11:45.673] -    >  eth_getTransactionCount: [
   >   "0x7506486bf17a6423f105fc8c3de8750ec8d1b4b2",
   >   "latest"
   > ]
[2024/05/09 07:11:45.680] -    >  eth_getBalance: [
   >   "0xbbede1ed56fe9a717c53a9a74ce1bb69e327a7da",
   >   "latest"
   > ]
[2024/05/09 07:11:45.685] -    >  eth_getTransactionCount: [
   >   "0xbbede1ed56fe9a717c53a9a74ce1bb69e327a7da",
   >   "latest"
   > ]
[2024/05/09 07:11:45.695] -    >  eth_getBalance: [
   >   "0x2ed650e0790f2367998f7e44ab3c7607a0d48ed8",
   >   "latest"
   > ]
[2024/05/09 07:11:45.699] -    >  eth_getTransactionCount: [
   >   "0x2ed650e0790f2367998f7e44ab3c7607a0d48ed8",
   >   "latest"
   > ]
[2024/05/09 07:11:45.705] -    >  eth_getBalance: [
   >   "0xb00914cde67cf8c40860f635528746da86c4a647",
   >   "latest"
   > ]
[2024/05/09 07:11:45.712] -    >  eth_getTransactionCount: [
   >   "0xb00914cde67cf8c40860f635528746da86c4a647",
   >   "latest"
   > ]
[2024/05/09 07:11:45.716] -    >  eth_getBalance: [
   >   "0xef0fcbbac6e824da28a321cb3dc35e4894e9adfd",
   >   "latest"
   > ]
[2024/05/09 07:11:45.721] -    >  eth_getTransactionCount: [
   >   "0xef0fcbbac6e824da28a321cb3dc35e4894e9adfd",
   >   "latest"
   > ]
[2024/05/09 07:11:45.725] -    >  eth_getBalance: [
   >   "0x823f2c6191185c4599097a8784fc27a9eb806a9c",
   >   "latest"
   > ]
[2024/05/09 07:11:45.731] -    >  eth_getTransactionCount: [
   >   "0x823f2c6191185c4599097a8784fc27a9eb806a9c",
   >   "latest"
   > ]
[2024/05/09 07:11:45.746] -    >  eth_getBalance: [
   >   "0x527855f4783f3085b73dcaeaa07b26ac69cf5d09",
   >   "latest"
   > ]
[2024/05/09 07:11:45.753] -    >  eth_getTransactionCount: [
   >   "0x527855f4783f3085b73dcaeaa07b26ac69cf5d09",
   >   "latest"
   > ]
[2024/05/09 07:11:45.763] -    >  eth_getBalance: [
   >   "0x0511d5b9fa72e6c559fef0340a0d19eb1da322ac",
   >   "latest"
   > ]
[2024/05/09 07:11:45.772] -    >  eth_getTransactionCount: [
   >   "0x0511d5b9fa72e6c559fef0340a0d19eb1da322ac",
   >   "latest"
   > ]
[2024/05/09 07:11:45.777] -    >  eth_getBalance: [
   >   "0x70b48eb55551690140b89118ffaac7e9645a6aad",
   >   "latest"
   > ]
[2024/05/09 07:11:45.781] -    >  eth_getTransactionCount: [
   >   "0x70b48eb55551690140b89118ffaac7e9645a6aad",
   >   "latest"
   > ]
[2024/05/09 07:11:45.792] -    >  eth_getBalance: [
   >   "0x40e4272662841d93d5be466cf592915be1765f38",
   >   "latest"
   > ]
[2024/05/09 07:11:45.813] -    >  eth_getTransactionCount: [
   >   "0x40e4272662841d93d5be466cf592915be1765f38",
   >   "latest"
   > ]
[2024/05/09 07:11:45.820] -    >  eth_getBalance: [
   >   "0x7506486bf17a6423f105fc8c3de8750ec8d1b4b2",
   >   "latest"
   > ]
[2024/05/09 07:11:45.836] -    >  eth_getTransactionCount: [
   >   "0x7506486bf17a6423f105fc8c3de8750ec8d1b4b2",
   >   "latest"
   > ]
[2024/05/09 07:11:45.837] -    >  eth_getBalance: [
   >   "0xbbede1ed56fe9a717c53a9a74ce1bb69e327a7da",
   >   "latest"
   > ]
[2024/05/09 07:11:45.848] -    >  eth_getTransactionCount: [
   >   "0xbbede1ed56fe9a717c53a9a74ce1bb69e327a7da",
   >   "latest"
   > ]
[2024/05/09 07:11:45.857] -    >  eth_getBalance: [
   >   "0x2ed650e0790f2367998f7e44ab3c7607a0d48ed8",
   >   "latest"
   > ]
[2024/05/09 07:11:45.865] -    >  eth_getTransactionCount: [
   >   "0x2ed650e0790f2367998f7e44ab3c7607a0d48ed8",
   >   "latest"
   > ]
[2024/05/09 07:11:45.873] -    >  eth_getBalance: [
   >   "0xb00914cde67cf8c40860f635528746da86c4a647",
   >   "latest"
   > ]
[2024/05/09 07:11:45.881] -    >  eth_getTransactionCount: [
   >   "0xb00914cde67cf8c40860f635528746da86c4a647",
   >   "latest"
   > ]
[2024/05/09 07:11:45.887] -    >  eth_getBalance: [
   >   "0xef0fcbbac6e824da28a321cb3dc35e4894e9adfd",
   >   "latest"
   > ]
[2024/05/09 07:11:45.891] -    >  eth_getTransactionCount: [
   >   "0xef0fcbbac6e824da28a321cb3dc35e4894e9adfd",
   >   "latest"
   > ]
[2024/05/09 07:11:45.898] -    >  eth_getBalance: [
   >   "0x823f2c6191185c4599097a8784fc27a9eb806a9c",
   >   "latest"
   > ]
[2024/05/09 07:11:45.904] -    >  eth_getTransactionCount: [
   >   "0x823f2c6191185c4599097a8784fc27a9eb806a9c",
   >   "latest"
   > ]
[2024/05/09 07:11:45.908] -    >  eth_getBalance: [
   >   "0x527855f4783f3085b73dcaeaa07b26ac69cf5d09",
   >   "latest"
   > ]
[2024/05/09 07:11:45.913] -    >  eth_getTransactionCount: [
   >   "0x527855f4783f3085b73dcaeaa07b26ac69cf5d09",
   >   "latest"
   > ]
[2024/05/09 07:11:45.920] -    >  eth_getBalance: [
   >   "0x0511d5b9fa72e6c559fef0340a0d19eb1da322ac",
   >   "latest"
   > ]
[2024/05/09 07:11:45.925] -    >  eth_getTransactionCount: [
   >   "0x0511d5b9fa72e6c559fef0340a0d19eb1da322ac",
   >   "latest"
   > ]
[2024/05/09 07:12:20.254] -    >  eth_unsubscribe: [
   >   "0x3"
   > ]
[2024/05/09 07:12:20.261] -    >  eth_unsubscribe: [
   >   "0x4"
   > ]
